To honour the JVM settings for this build a single-use Daemon process will be forked. For more on this, please refer to https://docs.gradle.org/8.11/userguide/gradle_daemon.html#sec:disabling_the_daemon in the Gradle documentation.
Daemon will be stopped at the end of the build 

> Configure project :app
WARNING: The option setting 'android.aapt2FromMavenOverride=/usr/lib/android-sdk/build-tools/debian/aapt2' is experimental.

> Task :app:preBuild UP-TO-DATE
> Task :app:preDebugBuild UP-TO-DATE
> Task :app:mergeDebugNativeDebugMetadata NO-SOURCE
> Task :app:checkKotlinGradlePluginConfigurationErrors SKIPPED
> Task :app:generateDebugResValues UP-TO-DATE
> Task :app:checkDebugAarMetadata FAILED
> Task :app:mapDebugSourceSetPaths UP-TO-DATE

FAILURE: Build failed with an exception.

* What went wrong:
Execution failed for task ':app:checkDebugAarMetadata'.
> A failure occurred while executing com.android.build.gradle.internal.tasks.CheckAarMetadataWorkAction
   > 14 issues were found when checking AAR metadata:
     
       1.  Dependency 'androidx.compose.foundation:foundation-layout-android:1.9.4' requires libraries and applications that
           depend on it to compile against version 35 or later of the
           Android APIs.
     
           :app is currently compiled against android-34.
     
           Recommended action: Update this project to use a newer compileSdk
           of at least 35, for example 35.
     
           Note that updating a library or application's compileSdk (which
           allows newer APIs to be used) can be done separately from updating
           targetSdk (which opts the app in to new runtime behavior) and
           minSdk (which determines which devices the app can be installed
           on).
     
       2.  Dependency 'androidx.compose.animation:animation-core-android:1.9.4' requires libraries and applications that
           depend on it to compile against version 35 or later of the
           Android APIs.
     
           :app is currently compiled against android-34.
     
           Recommended action: Update this project to use a newer compileSdk
           of at least 35, for example 35.
     
           Note that updating a library or application's compileSdk (which
           allows newer APIs to be used) can be done separately from updating
           targetSdk (which opts the app in to new runtime behavior) and
           minSdk (which determines which devices the app can be installed
           on).
     
       3.  Dependency 'androidx.compose.animation:animation-android:1.9.4' requires libraries and applications that
           depend on it to compile against version 35 or later of the
           Android APIs.
     
           :app is currently compiled against android-34.
     
           Recommended action: Update this project to use a newer compileSdk
           of at least 35, for example 35.
     
           Note that updating a library or application's compileSdk (which
           allows newer APIs to be used) can be done separately from updating
           targetSdk (which opts the app in to new runtime behavior) and
           minSdk (which determines which devices the app can be installed
           on).
     
       4.  Dependency 'androidx.compose.ui:ui-tooling-data-android:1.9.4' requires libraries and applications that
           depend on it to compile against version 35 or later of the
           Android APIs.
     
           :app is currently compiled against android-34.
     
           Recommended action: Update this project to use a newer compileSdk
           of at least 35, for example 35.
     
           Note that updating a library or application's compileSdk (which
           allows newer APIs to be used) can be done separately from updating
           targetSdk (which opts the app in to new runtime behavior) and
           minSdk (which determines which devices the app can be installed
           on).
     
       5.  Dependency 'androidx.compose.ui:ui-text-android:1.9.4' requires libraries and applications that
           depend on it to compile against version 35 or later of the
           Android APIs.
     
           :app is currently compiled against android-34.
     
           Recommended action: Update this project to use a newer compileSdk
           of at least 35, for example 35.
     
           Note that updating a library or application's compileSdk (which
           allows newer APIs to be used) can be done separately from updating
           targetSdk (which opts the app in to new runtime behavior) and
           minSdk (which determines which devices the app can be installed
           on).
     
       6.  Dependency 'androidx.compose.ui:ui-graphics-android:1.9.4' requires libraries and applications that
           depend on it to compile against version 35 or later of the
           Android APIs.
     
           :app is currently compiled against android-34.
     
           Recommended action: Update this project to use a newer compileSdk
           of at least 35, for example 35.
     
           Note that updating a library or application's compileSdk (which
           allows newer APIs to be used) can be done separately from updating
           targetSdk (which opts the app in to new runtime behavior) and
           minSdk (which determines which devices the app can be installed
           on).
     
       7.  Dependency 'androidx.compose.ui:ui-tooling-android:1.9.4' requires libraries and applications that
           depend on it to compile against version 35 or later of the
           Android APIs.
     
           :app is currently compiled against android-34.
     
           Recommended action: Update this project to use a newer compileSdk
           of at least 35, for example 35.
     
           Note that updating a library or application's compileSdk (which
           allows newer APIs to be used) can be done separately from updating
           targetSdk (which opts the app in to new runtime behavior) and
           minSdk (which determines which devices the app can be installed
           on).
     
       8.  Dependency 'androidx.compose.foundation:foundation-android:1.9.4' requires libraries and applications that
           depend on it to compile against version 35 or later of the
           Android APIs.
     
           :app is currently compiled against android-34.
     
           Recommended action: Update this project to use a newer compileSdk
           of at least 35, for example 35.
     
           Note that updating a library or application's compileSdk (which
           allows newer APIs to be used) can be done separately from updating
           targetSdk (which opts the app in to new runtime behavior) and
           minSdk (which determines which devices the app can be installed
           on).
     
       9.  Dependency 'androidx.core:core-ktx:1.15.0' requires libraries and applications that
           depend on it to compile against version 35 or later of the
           Android APIs.
     
           :app is currently compiled against android-34.
     
           Recommended action: Update this project to use a newer compileSdk
           of at least 35, for example 35.
     
           Note that updating a library or application's compileSdk (which
           allows newer APIs to be used) can be done separately from updating
           targetSdk (which opts the app in to new runtime behavior) and
           minSdk (which determines which devices the app can be installed
           on).
     
      10.  Dependency 'androidx.core:core:1.15.0' requires libraries and applications that
           depend on it to compile against version 35 or later of the
           Android APIs.
     
           :app is currently compiled against android-34.
     
           Recommended action: Update this project to use a newer compileSdk
           of at least 35, for example 35.
     
           Note that updating a library or application's compileSdk (which
           allows newer APIs to be used) can be done separately from updating
           targetSdk (which opts the app in to new runtime behavior) and
           minSdk (which determines which devices the app can be installed
           on).
     
      11.  Dependency 'androidx.compose.runtime:runtime-saveable-android:1.9.4' requires libraries and applications that
           depend on it to compile against version 35 or later of the
           Android APIs.
     
           :app is currently compiled against android-34.
     
           Recommended action: Update this project to use a newer compileSdk
           of at least 35, for example 35.
     
           Note that updating a library or application's compileSdk (which
           allows newer APIs to be used) can be done separately from updating
           targetSdk (which opts the app in to new runtime behavior) and
           minSdk (which determines which devices the app can be installed
           on).
     
      12.  Dependency 'androidx.lifecycle:lifecycle-runtime-compose-android:2.9.4' requires libraries and applications that
           depend on it to compile against version 35 or later of the
           Android APIs.
     
           :app is currently compiled against android-34.
     
           Recommended action: Update this project to use a newer compileSdk
           of at least 35, for example 35.
     
           Note that updating a library or application's compileSdk (which
           allows newer APIs to be used) can be done separately from updating
           targetSdk (which opts the app in to new runtime behavior) and
           minSdk (which determines which devices the app can be installed
           on).
     
      13.  Dependency 'androidx.lifecycle:lifecycle-viewmodel-compose-android:2.9.4' requires libraries and applications that
           depend on it to compile against version 35 or later of the
           Android APIs.
     
           :app is currently compiled against android-34.
     
           Recommended action: Update this project to use a newer compileSdk
           of at least 35, for example 35.
     
           Note that updating a library or application's compileSdk (which
           allows newer APIs to be used) can be done separately from updating
           targetSdk (which opts the app in to new runtime behavior) and
           minSdk (which determines which devices the app can be installed
           on).
     
      14.  Dependency 'androidx.compose.ui:ui-android:1.9.4' requires libraries and applications that
           depend on it to compile against version 35 or later of the
           Android APIs.
     
           :app is currently compiled against android-34.
     
           Recommended action: Update this project to use a newer compileSdk
           of at least 35, for example 35.
     
           Note that updating a library or application's compileSdk (which
           allows newer APIs to be used) can be done separately from updating
           targetSdk (which opts the app in to new runtime behavior) and
           minSdk (which determines which devices the app can be installed
           on).

* Try:
> Run with --stacktrace option to get the stack trace.
> Run with --info or --debug option to get more log output.
> Run with --scan to get full insights.
> Get more help at https://help.gradle.org.

BUILD FAILED in 45s
3 actionable tasks: 1 executed, 2 up-to-date
To honour the JVM settings for this build a single-use Daemon process will be forked. For more on this, please refer to https://docs.gradle.org/8.11/userguide/gradle_daemon.html#sec:disabling_the_daemon in the Gradle documentation.
Daemon will be stopped at the end of the build 

> Configure project :app
WARNING: The option setting 'android.aapt2FromMavenOverride=/usr/lib/android-sdk/build-tools/debian/aapt2' is experimental.

> Task :app:preBuild UP-TO-DATE
> Task :app:preDebugBuild UP-TO-DATE
> Task :app:mergeDebugNativeDebugMetadata NO-SOURCE
> Task :app:checkKotlinGradlePluginConfigurationErrors SKIPPED
> Task :app:checkDebugAarMetadata
> Task :app:checkDebugAarMetadata FAILED

FAILURE: Build failed with an exception.

* What went wrong:
Execution failed for task ':app:checkDebugAarMetadata'.
> Could not resolve all files for configuration ':app:debugRuntimeClasspath'.
   > Could not resolve androidx.compose:compose-bom:2024.09.03.
     Required by:
         project :app
      > Could not resolve androidx.compose:compose-bom:2024.09.03.
         > Could not get resource 'https://maven.aliyun.com/repository/google/androidx/compose/compose-bom/2024.09.03/compose-bom-2024.09.03.pom'.
            > Could not GET 'https://maven.aliyun.com/repository/google/androidx/compose/compose-bom/2024.09.03/compose-bom-2024.09.03.pom'.
               > maven.aliyun.com: Temporary failure in name resolution
      > Could not resolve androidx.compose:compose-bom:2024.09.03.
         > Could not get resource 'https://maven.aliyun.com/repository/public/androidx/compose/compose-bom/2024.09.03/compose-bom-2024.09.03.pom'.
            > Could not GET 'https://maven.aliyun.com/repository/public/androidx/compose/compose-bom/2024.09.03/compose-bom-2024.09.03.pom'.
               > maven.aliyun.com
      > Could not resolve androidx.compose:compose-bom:2024.09.03.
         > Could not get resource 'https://jitpack.io/androidx/compose/compose-bom/2024.09.03/compose-bom-2024.09.03.pom'.
            > Could not GET 'https://jitpack.io/androidx/compose/compose-bom/2024.09.03/compose-bom-2024.09.03.pom'.
               > jitpack.io: Temporary failure in name resolution
      > Could not resolve androidx.compose:compose-bom:2024.09.03.
         > Could not get resource 'https://dl.google.com/dl/android/maven2/androidx/compose/compose-bom/2024.09.03/compose-bom-2024.09.03.pom'.
            > Could not GET 'https://dl.google.com/dl/android/maven2/androidx/compose/compose-bom/2024.09.03/compose-bom-2024.09.03.pom'.
               > dl.google.com: Temporary failure in name resolution
   > Could not find androidx.compose.material3:material3:.
     Required by:
         project :app
   > Could not find androidx.compose.material:material-icons-extended:.
     Required by:
         project :app

* Try:
> Run with --stacktrace option to get the stack trace.
> Run with --info or --debug option to get more log output.
> Run with --scan to get full insights.
> Get more help at https://help.gradle.org.

BUILD FAILED in 2m 18s
1 actionable task: 1 executed
